{"/home/xbnrxout/bell_test/bell_test/src/app.js": {"path":"/home/xbnrxout/bell_test/bell_test/src/app.js","statementMap":{"0":{"start":{"line":1,"column":16},"end":{"line":1,"column":34}},"1":{"start":{"line":2,"column":27},"end":{"line":2,"column":58}},"2":{"start":{"line":4,"column":12},"end":{"line":4,"column":21}},"3":{"start":{"line":6,"column":0},"end":{"line":6,"column":24}},"4":{"start":{"line":7,"column":0},"end":{"line":7,"column":28}},"5":{"start":{"line":9,"column":0},"end":{"line":9,"column":21}}},"fnMap":{},"branchMap":{},"s":{"0":2,"1":2,"2":2,"3":2,"4":2,"5":2},"f":{},"b":{},"_coverageSchema":"1a1c01bbd47fc00a2c39e90264f33305004495a9","hash":"fd469273ca99abb8a0f6060daabb7e2ffd00cc12"}
,"/home/xbnrxout/bell_test/bell_test/src/joi/reservationSchema.js": {"path":"/home/xbnrxout/bell_test/bell_test/src/joi/reservationSchema.js","statementMap":{"0":{"start":{"line":1,"column":12},"end":{"line":1,"column":26}},"1":{"start":{"line":3,"column":24},"end":{"line":14,"column":1}},"2":{"start":{"line":29,"column":0},"end":{"line":31,"column":2}}},"fnMap":{},"branchMap":{},"s":{"0":2,"1":2,"2":2},"f":{},"b":{},"_coverageSchema":"1a1c01bbd47fc00a2c39e90264f33305004495a9","hash":"cb46975dceb260bd4e49749d39900ec1f17ed737"}
,"/home/xbnrxout/bell_test/bell_test/src/middleware/validate.js": {"path":"/home/xbnrxout/bell_test/bell_test/src/middleware/validate.js","statementMap":{"0":{"start":{"line":1,"column":12},"end":{"line":1,"column":26}},"1":{"start":{"line":3,"column":0},"end":{"line":13,"column":2}},"2":{"start":{"line":4,"column":2},"end":{"line":12,"column":4}},"3":{"start":{"line":5,"column":22},"end":{"line":5,"column":47}},"4":{"start":{"line":6,"column":4},"end":{"line":11,"column":5}},"5":{"start":{"line":7,"column":6},"end":{"line":7,"column":13}},"6":{"start":{"line":9,"column":22},"end":{"line":9,"column":46}},"7":{"start":{"line":10,"column":6},"end":{"line":10,"column":40}}},"fnMap":{"0":{"name":"(anonymous_0)","decl":{"start":{"line":3,"column":17},"end":{"line":3,"column":18}},"loc":{"start":{"line":3,"column":35},"end":{"line":13,"column":1}},"line":3},"1":{"name":"(anonymous_1)","decl":{"start":{"line":4,"column":9},"end":{"line":4,"column":10}},"loc":{"start":{"line":4,"column":35},"end":{"line":12,"column":3}},"line":4}},"branchMap":{"0":{"loc":{"start":{"line":6,"column":4},"end":{"line":11,"column":5}},"type":"if","locations":[{"start":{"line":6,"column":4},"end":{"line":11,"column":5}},{"start":{"line":8,"column":11},"end":{"line":11,"column":5}}],"line":6}},"s":{"0":2,"1":2,"2":2,"3":6,"4":6,"5":2,"6":4,"7":4},"f":{"0":2,"1":6},"b":{"0":[2,4]},"_coverageSchema":"1a1c01bbd47fc00a2c39e90264f33305004495a9","hash":"347a14723633aeb7d78c7fd8b091958f6e60d0c4"}
,"/home/xbnrxout/bell_test/bell_test/src/routes/reservation.js": {"path":"/home/xbnrxout/bell_test/bell_test/src/routes/reservation.js","statementMap":{"0":{"start":{"line":1,"column":16},"end":{"line":1,"column":34}},"1":{"start":{"line":2,"column":15},"end":{"line":2,"column":35}},"2":{"start":{"line":3,"column":44},"end":{"line":3,"column":79}},"3":{"start":{"line":4,"column":17},"end":{"line":4,"column":50}},"4":{"start":{"line":6,"column":19},"end":{"line":6,"column":21}},"5":{"start":{"line":7,"column":15},"end":{"line":7,"column":17}},"6":{"start":{"line":10,"column":2},"end":{"line":17,"column":3}},"7":{"start":{"line":11,"column":4},"end":{"line":13,"column":5}},"8":{"start":{"line":11,"column":17},"end":{"line":11,"column":25}},"9":{"start":{"line":12,"column":6},"end":{"line":12,"column":52}},"10":{"start":{"line":14,"column":4},"end":{"line":14,"column":16}},"11":{"start":{"line":16,"column":4},"end":{"line":16,"column":14}},"12":{"start":{"line":21,"column":27},"end":{"line":21,"column":54}},"13":{"start":{"line":22,"column":2},"end":{"line":24,"column":3}},"14":{"start":{"line":23,"column":4},"end":{"line":23,"column":45}},"15":{"start":{"line":26,"column":2},"end":{"line":26,"column":29}},"16":{"start":{"line":30,"column":2},"end":{"line":44,"column":3}},"17":{"start":{"line":31,"column":35},"end":{"line":37,"column":5}},"18":{"start":{"line":38,"column":4},"end":{"line":40,"column":5}},"19":{"start":{"line":39,"column":6},"end":{"line":39,"column":53}},"20":{"start":{"line":41,"column":4},"end":{"line":41,"column":16}},"21":{"start":{"line":43,"column":4},"end":{"line":43,"column":14}},"22":{"start":{"line":48,"column":2},"end":{"line":84,"column":3}},"23":{"start":{"line":49,"column":29},"end":{"line":49,"column":56}},"24":{"start":{"line":50,"column":4},"end":{"line":52,"column":5}},"25":{"start":{"line":51,"column":6},"end":{"line":51,"column":30}},"26":{"start":{"line":54,"column":24},"end":{"line":54,"column":58}},"27":{"start":{"line":55,"column":25},"end":{"line":55,"column":60}},"28":{"start":{"line":56,"column":24},"end":{"line":56,"column":49}},"29":{"start":{"line":57,"column":25},"end":{"line":57,"column":51}},"30":{"start":{"line":59,"column":30},"end":{"line":59,"column":57}},"31":{"start":{"line":60,"column":23},"end":{"line":60,"column":48}},"32":{"start":{"line":61,"column":24},"end":{"line":61,"column":50}},"33":{"start":{"line":62,"column":16},"end":{"line":62,"column":53}},"34":{"start":{"line":63,"column":35},"end":{"line":67,"column":5}},"35":{"start":{"line":68,"column":4},"end":{"line":70,"column":5}},"36":{"start":{"line":69,"column":6},"end":{"line":69,"column":54}},"37":{"start":{"line":71,"column":4},"end":{"line":80,"column":5}},"38":{"start":{"line":72,"column":38},"end":{"line":76,"column":7}},"39":{"start":{"line":77,"column":6},"end":{"line":79,"column":7}},"40":{"start":{"line":78,"column":8},"end":{"line":78,"column":56}},"41":{"start":{"line":81,"column":4},"end":{"line":81,"column":16}},"42":{"start":{"line":83,"column":4},"end":{"line":83,"column":14}},"43":{"start":{"line":88,"column":18},"end":{"line":88,"column":39}},"44":{"start":{"line":89,"column":2},"end":{"line":92,"column":3}},"45":{"start":{"line":90,"column":18},"end":{"line":90,"column":48}},"46":{"start":{"line":91,"column":4},"end":{"line":91,"column":28}},"47":{"start":{"line":93,"column":2},"end":{"line":93,"column":17}},"48":{"start":{"line":97,"column":2},"end":{"line":99,"column":4}},"49":{"start":{"line":103,"column":2},"end":{"line":111,"column":3}},"50":{"start":{"line":104,"column":22},"end":{"line":104,"column":24}},"51":{"start":{"line":105,"column":4},"end":{"line":107,"column":5}},"52":{"start":{"line":105,"column":17},"end":{"line":105,"column":18}},"53":{"start":{"line":106,"column":6},"end":{"line":106,"column":63}},"54":{"start":{"line":108,"column":4},"end":{"line":108,"column":37}},"55":{"start":{"line":110,"column":4},"end":{"line":110,"column":14}},"56":{"start":{"line":115,"column":2},"end":{"line":141,"column":3}},"57":{"start":{"line":116,"column":29},"end":{"line":116,"column":62}},"58":{"start":{"line":117,"column":30},"end":{"line":117,"column":64}},"59":{"start":{"line":118,"column":30},"end":{"line":118,"column":66}},"60":{"start":{"line":119,"column":24},"end":{"line":119,"column":57}},"61":{"start":{"line":121,"column":4},"end":{"line":127,"column":6}},"62":{"start":{"line":129,"column":4},"end":{"line":132,"column":5}},"63":{"start":{"line":130,"column":27},"end":{"line":130,"column":61}},"64":{"start":{"line":131,"column":6},"end":{"line":131,"column":74}},"65":{"start":{"line":134,"column":4},"end":{"line":137,"column":6}},"66":{"start":{"line":138,"column":4},"end":{"line":138,"column":16}},"67":{"start":{"line":140,"column":4},"end":{"line":140,"column":17}},"68":{"start":{"line":145,"column":2},"end":{"line":183,"column":3}},"69":{"start":{"line":146,"column":24},"end":{"line":146,"column":45}},"70":{"start":{"line":147,"column":25},"end":{"line":147,"column":47}},"71":{"start":{"line":149,"column":4},"end":{"line":151,"column":5}},"72":{"start":{"line":150,"column":6},"end":{"line":150,"column":38}},"73":{"start":{"line":153,"column":4},"end":{"line":155,"column":5}},"74":{"start":{"line":154,"column":6},"end":{"line":154,"column":39}},"75":{"start":{"line":157,"column":29},"end":{"line":157,"column":50}},"76":{"start":{"line":158,"column":30},"end":{"line":158,"column":52}},"77":{"start":{"line":160,"column":30},"end":{"line":160,"column":57}},"78":{"start":{"line":162,"column":4},"end":{"line":170,"column":5}},"79":{"start":{"line":163,"column":14},"end":{"line":163,"column":30}},"80":{"start":{"line":167,"column":6},"end":{"line":169,"column":7}},"81":{"start":{"line":168,"column":8},"end":{"line":168,"column":21}},"82":{"start":{"line":172,"column":4},"end":{"line":178,"column":5}},"83":{"start":{"line":173,"column":6},"end":{"line":177,"column":7}},"84":{"start":{"line":173,"column":19},"end":{"line":173,"column":20}},"85":{"start":{"line":174,"column":8},"end":{"line":176,"column":9}},"86":{"start":{"line":175,"column":10},"end":{"line":175,"column":23}},"87":{"start":{"line":180,"column":4},"end":{"line":180,"column":16}},"88":{"start":{"line":182,"column":4},"end":{"line":182,"column":14}},"89":{"start":{"line":187,"column":0},"end":{"line":222,"column":2}},"90":{"start":{"line":191,"column":4},"end":{"line":220,"column":5}},"91":{"start":{"line":192,"column":26},"end":{"line":192,"column":41}},"92":{"start":{"line":193,"column":22},"end":{"line":193,"column":51}},"93":{"start":{"line":194,"column":23},"end":{"line":194,"column":53}},"94":{"start":{"line":195,"column":6},"end":{"line":195,"column":36}},"95":{"start":{"line":196,"column":6},"end":{"line":196,"column":38}},"96":{"start":{"line":198,"column":33},"end":{"line":198,"column":69}},"97":{"start":{"line":200,"column":6},"end":{"line":217,"column":7}},"98":{"start":{"line":201,"column":20},"end":{"line":201,"column":30}},"99":{"start":{"line":202,"column":26},"end":{"line":202,"column":69}},"100":{"start":{"line":203,"column":40},"end":{"line":206,"column":9}},"101":{"start":{"line":207,"column":8},"end":{"line":214,"column":9}},"102":{"start":{"line":208,"column":10},"end":{"line":213,"column":13}},"103":{"start":{"line":216,"column":8},"end":{"line":216,"column":64}},"104":{"start":{"line":219,"column":6},"end":{"line":219,"column":40}},"105":{"start":{"line":224,"column":0},"end":{"line":230,"column":3}},"106":{"start":{"line":225,"column":2},"end":{"line":229,"column":3}},"107":{"start":{"line":226,"column":4},"end":{"line":226,"column":55}},"108":{"start":{"line":228,"column":4},"end":{"line":228,"column":30}},"109":{"start":{"line":232,"column":0},"end":{"line":238,"column":3}},"110":{"start":{"line":233,"column":2},"end":{"line":237,"column":3}},"111":{"start":{"line":234,"column":4},"end":{"line":234,"column":51}},"112":{"start":{"line":236,"column":4},"end":{"line":236,"column":30}},"113":{"start":{"line":241,"column":0},"end":{"line":253,"column":3}},"114":{"start":{"line":242,"column":2},"end":{"line":252,"column":3}},"115":{"start":{"line":243,"column":22},"end":{"line":243,"column":42}},"116":{"start":{"line":244,"column":29},"end":{"line":244,"column":50}},"117":{"start":{"line":245,"column":4},"end":{"line":249,"column":5}},"118":{"start":{"line":246,"column":6},"end":{"line":246,"column":49}},"119":{"start":{"line":248,"column":6},"end":{"line":248,"column":29}},"120":{"start":{"line":251,"column":4},"end":{"line":251,"column":30}},"121":{"start":{"line":255,"column":0},"end":{"line":272,"column":3}},"122":{"start":{"line":256,"column":2},"end":{"line":271,"column":3}},"123":{"start":{"line":257,"column":22},"end":{"line":257,"column":42}},"124":{"start":{"line":258,"column":29},"end":{"line":258,"column":56}},"125":{"start":{"line":259,"column":4},"end":{"line":268,"column":5}},"126":{"start":{"line":260,"column":39},"end":{"line":260,"column":73}},"127":{"start":{"line":261,"column":6},"end":{"line":263,"column":7}},"128":{"start":{"line":262,"column":8},"end":{"line":262,"column":57}},"129":{"start":{"line":264,"column":35},"end":{"line":264,"column":65}},"130":{"start":{"line":265,"column":6},"end":{"line":265,"column":29}},"131":{"start":{"line":267,"column":6},"end":{"line":267,"column":29}},"132":{"start":{"line":270,"column":4},"end":{"line":270,"column":38}},"133":{"start":{"line":274,"column":0},"end":{"line":274,"column":24}}},"fnMap":{"0":{"name":"setReservation","decl":{"start":{"line":9,"column":9},"end":{"line":9,"column":23}},"loc":{"start":{"line":9,"column":67},"end":{"line":18,"column":1}},"line":9},"1":{"name":"deleteBookingWithId","decl":{"start":{"line":20,"column":9},"end":{"line":20,"column":28}},"loc":{"start":{"line":20,"column":40},"end":{"line":27,"column":1}},"line":20},"2":{"name":"resetReservation","decl":{"start":{"line":29,"column":9},"end":{"line":29,"column":25}},"loc":{"start":{"line":29,"column":50},"end":{"line":45,"column":1}},"line":29},"3":{"name":"deleteReservationWithId","decl":{"start":{"line":47,"column":9},"end":{"line":47,"column":32}},"loc":{"start":{"line":47,"column":44},"end":{"line":85,"column":1}},"line":47},"4":{"name":"getBookingWithId","decl":{"start":{"line":87,"column":9},"end":{"line":87,"column":25}},"loc":{"start":{"line":87,"column":37},"end":{"line":94,"column":1}},"line":87},"5":{"name":"getDayOfYear","decl":{"start":{"line":96,"column":9},"end":{"line":96,"column":21}},"loc":{"start":{"line":96,"column":28},"end":{"line":100,"column":1}},"line":96},"6":{"name":"createCalendarYear","decl":{"start":{"line":102,"column":9},"end":{"line":102,"column":27}},"loc":{"start":{"line":102,"column":34},"end":{"line":112,"column":1}},"line":102},"7":{"name":"createReservation","decl":{"start":{"line":114,"column":9},"end":{"line":114,"column":26}},"loc":{"start":{"line":114,"column":51},"end":{"line":142,"column":1}},"line":114},"8":{"name":"checkAvailability","decl":{"start":{"line":144,"column":9},"end":{"line":144,"column":26}},"loc":{"start":{"line":144,"column":46},"end":{"line":184,"column":1}},"line":144},"9":{"name":"(anonymous_9)","decl":{"start":{"line":190,"column":2},"end":{"line":190,"column":3}},"loc":{"start":{"line":190,"column":22},"end":{"line":221,"column":3}},"line":190},"10":{"name":"(anonymous_10)","decl":{"start":{"line":224,"column":38},"end":{"line":224,"column":39}},"loc":{"start":{"line":224,"column":58},"end":{"line":230,"column":1}},"line":224},"11":{"name":"(anonymous_11)","decl":{"start":{"line":232,"column":46},"end":{"line":232,"column":47}},"loc":{"start":{"line":232,"column":66},"end":{"line":238,"column":1}},"line":232},"12":{"name":"(anonymous_12)","decl":{"start":{"line":241,"column":45},"end":{"line":241,"column":46}},"loc":{"start":{"line":241,"column":65},"end":{"line":253,"column":1}},"line":241},"13":{"name":"(anonymous_13)","decl":{"start":{"line":255,"column":48},"end":{"line":255,"column":49}},"loc":{"start":{"line":255,"column":68},"end":{"line":272,"column":1}},"line":255}},"branchMap":{"0":{"loc":{"start":{"line":22,"column":2},"end":{"line":24,"column":3}},"type":"if","locations":[{"start":{"line":22,"column":2},"end":{"line":24,"column":3}},{"start":{},"end":{}}],"line":22},"1":{"loc":{"start":{"line":38,"column":4},"end":{"line":40,"column":5}},"type":"if","locations":[{"start":{"line":38,"column":4},"end":{"line":40,"column":5}},{"start":{},"end":{}}],"line":38},"2":{"loc":{"start":{"line":50,"column":4},"end":{"line":52,"column":5}},"type":"if","locations":[{"start":{"line":50,"column":4},"end":{"line":52,"column":5}},{"start":{},"end":{}}],"line":50},"3":{"loc":{"start":{"line":62,"column":16},"end":{"line":62,"column":53}},"type":"cond-expr","locations":[{"start":{"line":62,"column":36},"end":{"line":62,"column":39}},{"start":{"line":62,"column":42},"end":{"line":62,"column":53}}],"line":62},"4":{"loc":{"start":{"line":68,"column":4},"end":{"line":70,"column":5}},"type":"if","locations":[{"start":{"line":68,"column":4},"end":{"line":70,"column":5}},{"start":{},"end":{}}],"line":68},"5":{"loc":{"start":{"line":71,"column":4},"end":{"line":80,"column":5}},"type":"if","locations":[{"start":{"line":71,"column":4},"end":{"line":80,"column":5}},{"start":{},"end":{}}],"line":71},"6":{"loc":{"start":{"line":77,"column":6},"end":{"line":79,"column":7}},"type":"if","locations":[{"start":{"line":77,"column":6},"end":{"line":79,"column":7}},{"start":{},"end":{}}],"line":77},"7":{"loc":{"start":{"line":89,"column":2},"end":{"line":92,"column":3}},"type":"if","locations":[{"start":{"line":89,"column":2},"end":{"line":92,"column":3}},{"start":{},"end":{}}],"line":89},"8":{"loc":{"start":{"line":126,"column":6},"end":{"line":126,"column":49}},"type":"cond-expr","locations":[{"start":{"line":126,"column":26},"end":{"line":126,"column":29}},{"start":{"line":126,"column":32},"end":{"line":126,"column":49}}],"line":126},"9":{"loc":{"start":{"line":129,"column":4},"end":{"line":132,"column":5}},"type":"if","locations":[{"start":{"line":129,"column":4},"end":{"line":132,"column":5}},{"start":{},"end":{}}],"line":129},"10":{"loc":{"start":{"line":149,"column":4},"end":{"line":151,"column":5}},"type":"if","locations":[{"start":{"line":149,"column":4},"end":{"line":151,"column":5}},{"start":{},"end":{}}],"line":149},"11":{"loc":{"start":{"line":153,"column":4},"end":{"line":155,"column":5}},"type":"if","locations":[{"start":{"line":153,"column":4},"end":{"line":155,"column":5}},{"start":{},"end":{}}],"line":153},"12":{"loc":{"start":{"line":164,"column":12},"end":{"line":164,"column":55}},"type":"cond-expr","locations":[{"start":{"line":164,"column":32},"end":{"line":164,"column":35}},{"start":{"line":164,"column":38},"end":{"line":164,"column":55}}],"line":164},"13":{"loc":{"start":{"line":167,"column":6},"end":{"line":169,"column":7}},"type":"if","locations":[{"start":{"line":167,"column":6},"end":{"line":169,"column":7}},{"start":{},"end":{}}],"line":167},"14":{"loc":{"start":{"line":172,"column":4},"end":{"line":178,"column":5}},"type":"if","locations":[{"start":{"line":172,"column":4},"end":{"line":178,"column":5}},{"start":{},"end":{}}],"line":172},"15":{"loc":{"start":{"line":174,"column":8},"end":{"line":176,"column":9}},"type":"if","locations":[{"start":{"line":174,"column":8},"end":{"line":176,"column":9}},{"start":{},"end":{}}],"line":174},"16":{"loc":{"start":{"line":200,"column":6},"end":{"line":217,"column":7}},"type":"if","locations":[{"start":{"line":200,"column":6},"end":{"line":217,"column":7}},{"start":{"line":215,"column":13},"end":{"line":217,"column":7}}],"line":200},"17":{"loc":{"start":{"line":207,"column":8},"end":{"line":214,"column":9}},"type":"if","locations":[{"start":{"line":207,"column":8},"end":{"line":214,"column":9}},{"start":{},"end":{}}],"line":207},"18":{"loc":{"start":{"line":245,"column":4},"end":{"line":249,"column":5}},"type":"if","locations":[{"start":{"line":245,"column":4},"end":{"line":249,"column":5}},{"start":{"line":247,"column":11},"end":{"line":249,"column":5}}],"line":245},"19":{"loc":{"start":{"line":259,"column":4},"end":{"line":268,"column":5}},"type":"if","locations":[{"start":{"line":259,"column":4},"end":{"line":268,"column":5}},{"start":{"line":266,"column":11},"end":{"line":268,"column":5}}],"line":259},"20":{"loc":{"start":{"line":261,"column":6},"end":{"line":263,"column":7}},"type":"if","locations":[{"start":{"line":261,"column":6},"end":{"line":263,"column":7}},{"start":{},"end":{}}],"line":261}},"s":{"0":2,"1":2,"2":2,"3":2,"4":2,"5":2,"6":4,"7":4,"8":4,"9":4,"10":4,"11":0,"12":1,"13":1,"14":0,"15":1,"16":2,"17":2,"18":2,"19":0,"20":2,"21":0,"22":1,"23":1,"24":1,"25":0,"26":1,"27":1,"28":1,"29":1,"30":1,"31":1,"32":1,"33":1,"34":1,"35":1,"36":0,"37":1,"38":1,"39":1,"40":0,"41":1,"42":0,"43":3,"44":3,"45":0,"46":0,"47":3,"48":8,"49":2,"50":2,"51":2,"52":2,"53":732,"54":2,"55":0,"56":1,"57":1,"58":1,"59":1,"60":1,"61":1,"62":1,"63":1,"64":1,"65":1,"66":1,"67":0,"68":2,"69":2,"70":2,"71":2,"72":1,"73":2,"74":1,"75":2,"76":2,"77":2,"78":2,"79":2,"80":2,"81":1,"82":1,"83":1,"84":1,"85":0,"86":0,"87":1,"88":0,"89":2,"90":2,"91":2,"92":2,"93":2,"94":2,"95":2,"96":2,"97":2,"98":1,"99":1,"100":1,"101":1,"102":1,"103":1,"104":0,"105":2,"106":1,"107":1,"108":0,"109":2,"110":0,"111":0,"112":0,"113":2,"114":3,"115":3,"116":3,"117":3,"118":1,"119":2,"120":0,"121":2,"122":1,"123":1,"124":1,"125":1,"126":1,"127":1,"128":0,"129":1,"130":1,"131":0,"132":0,"133":2},"f":{"0":4,"1":1,"2":2,"3":1,"4":3,"5":8,"6":2,"7":1,"8":2,"9":2,"10":1,"11":0,"12":3,"13":1},"b":{"0":[0,1],"1":[0,2],"2":[0,1],"3":[1,0],"4":[0,1],"5":[1,0],"6":[0,1],"7":[0,3],"8":[1,0],"9":[1,0],"10":[1,1],"11":[1,1],"12":[3,0],"13":[1,1],"14":[1,0],"15":[0,0],"16":[1,1],"17":[1,0],"18":[1,2],"19":[1,0],"20":[0,1]},"_coverageSchema":"1a1c01bbd47fc00a2c39e90264f33305004495a9","hash":"e94482ae222b2537215c433dd6eebf05f18dfe2d"}
}
