{"/home/xbnrxout/bell_test/bell_test/src/app.js": {"path":"/home/xbnrxout/bell_test/bell_test/src/app.js","statementMap":{"0":{"start":{"line":1,"column":16},"end":{"line":1,"column":34}},"1":{"start":{"line":2,"column":27},"end":{"line":2,"column":58}},"2":{"start":{"line":4,"column":12},"end":{"line":4,"column":21}},"3":{"start":{"line":6,"column":0},"end":{"line":6,"column":24}},"4":{"start":{"line":7,"column":0},"end":{"line":7,"column":28}},"5":{"start":{"line":9,"column":0},"end":{"line":9,"column":21}}},"fnMap":{},"branchMap":{},"s":{"0":2,"1":2,"2":2,"3":2,"4":2,"5":2},"f":{},"b":{},"_coverageSchema":"1a1c01bbd47fc00a2c39e90264f33305004495a9","hash":"fd469273ca99abb8a0f6060daabb7e2ffd00cc12"}
,"/home/xbnrxout/bell_test/bell_test/src/joi/reservationSchema.js": {"path":"/home/xbnrxout/bell_test/bell_test/src/joi/reservationSchema.js","statementMap":{"0":{"start":{"line":1,"column":12},"end":{"line":1,"column":26}},"1":{"start":{"line":3,"column":24},"end":{"line":14,"column":1}},"2":{"start":{"line":29,"column":0},"end":{"line":31,"column":2}}},"fnMap":{},"branchMap":{},"s":{"0":2,"1":2,"2":2},"f":{},"b":{},"_coverageSchema":"1a1c01bbd47fc00a2c39e90264f33305004495a9","hash":"cb46975dceb260bd4e49749d39900ec1f17ed737"}
,"/home/xbnrxout/bell_test/bell_test/src/middleware/validate.js": {"path":"/home/xbnrxout/bell_test/bell_test/src/middleware/validate.js","statementMap":{"0":{"start":{"line":1,"column":12},"end":{"line":1,"column":26}},"1":{"start":{"line":3,"column":0},"end":{"line":13,"column":2}},"2":{"start":{"line":4,"column":2},"end":{"line":12,"column":4}},"3":{"start":{"line":5,"column":22},"end":{"line":5,"column":47}},"4":{"start":{"line":6,"column":4},"end":{"line":11,"column":5}},"5":{"start":{"line":7,"column":6},"end":{"line":7,"column":13}},"6":{"start":{"line":9,"column":22},"end":{"line":9,"column":46}},"7":{"start":{"line":10,"column":6},"end":{"line":10,"column":40}}},"fnMap":{"0":{"name":"(anonymous_0)","decl":{"start":{"line":3,"column":17},"end":{"line":3,"column":18}},"loc":{"start":{"line":3,"column":35},"end":{"line":13,"column":1}},"line":3},"1":{"name":"(anonymous_1)","decl":{"start":{"line":4,"column":9},"end":{"line":4,"column":10}},"loc":{"start":{"line":4,"column":35},"end":{"line":12,"column":3}},"line":4}},"branchMap":{"0":{"loc":{"start":{"line":6,"column":4},"end":{"line":11,"column":5}},"type":"if","locations":[{"start":{"line":6,"column":4},"end":{"line":11,"column":5}},{"start":{"line":8,"column":11},"end":{"line":11,"column":5}}],"line":6}},"s":{"0":2,"1":2,"2":2,"3":6,"4":6,"5":2,"6":4,"7":4},"f":{"0":2,"1":6},"b":{"0":[2,4]},"_coverageSchema":"1a1c01bbd47fc00a2c39e90264f33305004495a9","hash":"347a14723633aeb7d78c7fd8b091958f6e60d0c4"}
,"/home/xbnrxout/bell_test/bell_test/src/routes/reservation.js": {"path":"/home/xbnrxout/bell_test/bell_test/src/routes/reservation.js","statementMap":{"0":{"start":{"line":1,"column":16},"end":{"line":1,"column":34}},"1":{"start":{"line":2,"column":15},"end":{"line":2,"column":35}},"2":{"start":{"line":3,"column":44},"end":{"line":3,"column":79}},"3":{"start":{"line":4,"column":17},"end":{"line":4,"column":50}},"4":{"start":{"line":6,"column":19},"end":{"line":6,"column":21}},"5":{"start":{"line":7,"column":15},"end":{"line":7,"column":17}},"6":{"start":{"line":10,"column":2},"end":{"line":12,"column":3}},"7":{"start":{"line":10,"column":15},"end":{"line":10,"column":23}},"8":{"start":{"line":11,"column":4},"end":{"line":11,"column":50}},"9":{"start":{"line":13,"column":2},"end":{"line":13,"column":14}},"10":{"start":{"line":17,"column":27},"end":{"line":17,"column":54}},"11":{"start":{"line":24,"column":2},"end":{"line":24,"column":29}},"12":{"start":{"line":28,"column":2},"end":{"line":44,"column":3}},"13":{"start":{"line":29,"column":35},"end":{"line":35,"column":5}},"14":{"start":{"line":40,"column":4},"end":{"line":40,"column":16}},"15":{"start":{"line":48,"column":2},"end":{"line":87,"column":3}},"16":{"start":{"line":49,"column":29},"end":{"line":49,"column":56}},"17":{"start":{"line":50,"column":4},"end":{"line":52,"column":5}},"18":{"start":{"line":51,"column":6},"end":{"line":51,"column":30}},"19":{"start":{"line":54,"column":24},"end":{"line":54,"column":58}},"20":{"start":{"line":55,"column":25},"end":{"line":55,"column":60}},"21":{"start":{"line":56,"column":24},"end":{"line":56,"column":49}},"22":{"start":{"line":57,"column":25},"end":{"line":57,"column":51}},"23":{"start":{"line":59,"column":30},"end":{"line":59,"column":57}},"24":{"start":{"line":60,"column":23},"end":{"line":60,"column":48}},"25":{"start":{"line":61,"column":24},"end":{"line":61,"column":50}},"26":{"start":{"line":62,"column":16},"end":{"line":62,"column":53}},"27":{"start":{"line":63,"column":35},"end":{"line":67,"column":5}},"28":{"start":{"line":68,"column":4},"end":{"line":71,"column":5}},"29":{"start":{"line":72,"column":4},"end":{"line":82,"column":5}},"30":{"start":{"line":73,"column":38},"end":{"line":77,"column":7}},"31":{"start":{"line":83,"column":4},"end":{"line":83,"column":16}},"32":{"start":{"line":91,"column":18},"end":{"line":91,"column":39}},"33":{"start":{"line":92,"column":2},"end":{"line":94,"column":3}},"34":{"start":{"line":93,"column":4},"end":{"line":93,"column":17}},"35":{"start":{"line":95,"column":2},"end":{"line":95,"column":17}},"36":{"start":{"line":99,"column":2},"end":{"line":101,"column":4}},"37":{"start":{"line":105,"column":2},"end":{"line":114,"column":3}},"38":{"start":{"line":106,"column":22},"end":{"line":106,"column":24}},"39":{"start":{"line":107,"column":4},"end":{"line":109,"column":5}},"40":{"start":{"line":107,"column":17},"end":{"line":107,"column":18}},"41":{"start":{"line":108,"column":6},"end":{"line":108,"column":63}},"42":{"start":{"line":110,"column":4},"end":{"line":110,"column":37}},"43":{"start":{"line":118,"column":2},"end":{"line":145,"column":3}},"44":{"start":{"line":119,"column":29},"end":{"line":119,"column":62}},"45":{"start":{"line":120,"column":30},"end":{"line":120,"column":64}},"46":{"start":{"line":121,"column":30},"end":{"line":121,"column":66}},"47":{"start":{"line":122,"column":24},"end":{"line":122,"column":57}},"48":{"start":{"line":124,"column":4},"end":{"line":130,"column":6}},"49":{"start":{"line":132,"column":4},"end":{"line":135,"column":5}},"50":{"start":{"line":133,"column":27},"end":{"line":133,"column":61}},"51":{"start":{"line":134,"column":6},"end":{"line":134,"column":74}},"52":{"start":{"line":137,"column":4},"end":{"line":140,"column":6}},"53":{"start":{"line":141,"column":4},"end":{"line":141,"column":16}},"54":{"start":{"line":149,"column":2},"end":{"line":188,"column":3}},"55":{"start":{"line":150,"column":24},"end":{"line":150,"column":45}},"56":{"start":{"line":151,"column":25},"end":{"line":151,"column":47}},"57":{"start":{"line":153,"column":4},"end":{"line":155,"column":5}},"58":{"start":{"line":154,"column":6},"end":{"line":154,"column":38}},"59":{"start":{"line":157,"column":4},"end":{"line":159,"column":5}},"60":{"start":{"line":158,"column":6},"end":{"line":158,"column":39}},"61":{"start":{"line":161,"column":29},"end":{"line":161,"column":50}},"62":{"start":{"line":162,"column":30},"end":{"line":162,"column":52}},"63":{"start":{"line":164,"column":30},"end":{"line":164,"column":57}},"64":{"start":{"line":166,"column":4},"end":{"line":174,"column":5}},"65":{"start":{"line":167,"column":14},"end":{"line":167,"column":30}},"66":{"start":{"line":171,"column":6},"end":{"line":173,"column":7}},"67":{"start":{"line":172,"column":8},"end":{"line":172,"column":21}},"68":{"start":{"line":176,"column":4},"end":{"line":182,"column":5}},"69":{"start":{"line":177,"column":6},"end":{"line":181,"column":7}},"70":{"start":{"line":177,"column":19},"end":{"line":177,"column":20}},"71":{"start":{"line":178,"column":8},"end":{"line":180,"column":9}},"72":{"start":{"line":179,"column":10},"end":{"line":179,"column":23}},"73":{"start":{"line":184,"column":4},"end":{"line":184,"column":16}},"74":{"start":{"line":192,"column":0},"end":{"line":228,"column":2}},"75":{"start":{"line":196,"column":4},"end":{"line":226,"column":5}},"76":{"start":{"line":197,"column":26},"end":{"line":197,"column":41}},"77":{"start":{"line":198,"column":22},"end":{"line":198,"column":51}},"78":{"start":{"line":199,"column":23},"end":{"line":199,"column":53}},"79":{"start":{"line":200,"column":6},"end":{"line":200,"column":36}},"80":{"start":{"line":201,"column":6},"end":{"line":201,"column":38}},"81":{"start":{"line":203,"column":33},"end":{"line":203,"column":69}},"82":{"start":{"line":205,"column":6},"end":{"line":222,"column":7}},"83":{"start":{"line":206,"column":20},"end":{"line":206,"column":30}},"84":{"start":{"line":207,"column":26},"end":{"line":207,"column":69}},"85":{"start":{"line":208,"column":40},"end":{"line":211,"column":9}},"86":{"start":{"line":212,"column":8},"end":{"line":219,"column":9}},"87":{"start":{"line":213,"column":10},"end":{"line":218,"column":13}},"88":{"start":{"line":221,"column":8},"end":{"line":221,"column":64}},"89":{"start":{"line":230,"column":0},"end":{"line":237,"column":3}},"90":{"start":{"line":231,"column":2},"end":{"line":236,"column":3}},"91":{"start":{"line":232,"column":4},"end":{"line":232,"column":55}},"92":{"start":{"line":239,"column":0},"end":{"line":246,"column":3}},"93":{"start":{"line":240,"column":2},"end":{"line":245,"column":3}},"94":{"start":{"line":241,"column":4},"end":{"line":241,"column":51}},"95":{"start":{"line":249,"column":0},"end":{"line":262,"column":3}},"96":{"start":{"line":250,"column":2},"end":{"line":261,"column":3}},"97":{"start":{"line":251,"column":22},"end":{"line":251,"column":42}},"98":{"start":{"line":252,"column":29},"end":{"line":252,"column":56}},"99":{"start":{"line":253,"column":4},"end":{"line":257,"column":5}},"100":{"start":{"line":254,"column":6},"end":{"line":254,"column":49}},"101":{"start":{"line":256,"column":6},"end":{"line":256,"column":29}},"102":{"start":{"line":264,"column":0},"end":{"line":282,"column":3}},"103":{"start":{"line":265,"column":2},"end":{"line":281,"column":3}},"104":{"start":{"line":266,"column":22},"end":{"line":266,"column":42}},"105":{"start":{"line":267,"column":29},"end":{"line":267,"column":56}},"106":{"start":{"line":268,"column":4},"end":{"line":277,"column":5}},"107":{"start":{"line":269,"column":39},"end":{"line":269,"column":73}},"108":{"start":{"line":270,"column":6},"end":{"line":272,"column":7}},"109":{"start":{"line":271,"column":8},"end":{"line":271,"column":57}},"110":{"start":{"line":273,"column":35},"end":{"line":273,"column":65}},"111":{"start":{"line":274,"column":6},"end":{"line":274,"column":29}},"112":{"start":{"line":276,"column":6},"end":{"line":276,"column":29}},"113":{"start":{"line":284,"column":0},"end":{"line":284,"column":24}}},"fnMap":{"0":{"name":"setReservation","decl":{"start":{"line":9,"column":9},"end":{"line":9,"column":23}},"loc":{"start":{"line":9,"column":67},"end":{"line":14,"column":1}},"line":9},"1":{"name":"deleteBookingWithId","decl":{"start":{"line":16,"column":9},"end":{"line":16,"column":28}},"loc":{"start":{"line":16,"column":40},"end":{"line":25,"column":1}},"line":16},"2":{"name":"resetReservation","decl":{"start":{"line":27,"column":9},"end":{"line":27,"column":25}},"loc":{"start":{"line":27,"column":50},"end":{"line":45,"column":1}},"line":27},"3":{"name":"deleteReservationWithId","decl":{"start":{"line":47,"column":9},"end":{"line":47,"column":32}},"loc":{"start":{"line":47,"column":44},"end":{"line":88,"column":1}},"line":47},"4":{"name":"getBookingWithId","decl":{"start":{"line":90,"column":9},"end":{"line":90,"column":25}},"loc":{"start":{"line":90,"column":37},"end":{"line":96,"column":1}},"line":90},"5":{"name":"getDayOfYear","decl":{"start":{"line":98,"column":9},"end":{"line":98,"column":21}},"loc":{"start":{"line":98,"column":28},"end":{"line":102,"column":1}},"line":98},"6":{"name":"createCalendarYear","decl":{"start":{"line":104,"column":9},"end":{"line":104,"column":27}},"loc":{"start":{"line":104,"column":34},"end":{"line":115,"column":1}},"line":104},"7":{"name":"createReservation","decl":{"start":{"line":117,"column":9},"end":{"line":117,"column":26}},"loc":{"start":{"line":117,"column":51},"end":{"line":146,"column":1}},"line":117},"8":{"name":"checkAvailability","decl":{"start":{"line":148,"column":9},"end":{"line":148,"column":26}},"loc":{"start":{"line":148,"column":46},"end":{"line":189,"column":1}},"line":148},"9":{"name":"(anonymous_9)","decl":{"start":{"line":195,"column":2},"end":{"line":195,"column":3}},"loc":{"start":{"line":195,"column":22},"end":{"line":227,"column":3}},"line":195},"10":{"name":"(anonymous_10)","decl":{"start":{"line":230,"column":38},"end":{"line":230,"column":39}},"loc":{"start":{"line":230,"column":58},"end":{"line":237,"column":1}},"line":230},"11":{"name":"(anonymous_11)","decl":{"start":{"line":239,"column":46},"end":{"line":239,"column":47}},"loc":{"start":{"line":239,"column":66},"end":{"line":246,"column":1}},"line":239},"12":{"name":"(anonymous_12)","decl":{"start":{"line":249,"column":45},"end":{"line":249,"column":46}},"loc":{"start":{"line":249,"column":65},"end":{"line":262,"column":1}},"line":249},"13":{"name":"(anonymous_13)","decl":{"start":{"line":264,"column":48},"end":{"line":264,"column":49}},"loc":{"start":{"line":264,"column":68},"end":{"line":282,"column":1}},"line":264}},"branchMap":{"0":{"loc":{"start":{"line":50,"column":4},"end":{"line":52,"column":5}},"type":"if","locations":[{"start":{"line":50,"column":4},"end":{"line":52,"column":5}},{"start":{},"end":{}}],"line":50},"1":{"loc":{"start":{"line":62,"column":16},"end":{"line":62,"column":53}},"type":"cond-expr","locations":[{"start":{"line":62,"column":36},"end":{"line":62,"column":39}},{"start":{"line":62,"column":42},"end":{"line":62,"column":53}}],"line":62},"2":{"loc":{"start":{"line":68,"column":4},"end":{"line":71,"column":5}},"type":"if","locations":[{"start":{"line":68,"column":4},"end":{"line":71,"column":5}},{"start":{},"end":{}}],"line":68},"3":{"loc":{"start":{"line":72,"column":4},"end":{"line":82,"column":5}},"type":"if","locations":[{"start":{"line":72,"column":4},"end":{"line":82,"column":5}},{"start":{},"end":{}}],"line":72},"4":{"loc":{"start":{"line":92,"column":2},"end":{"line":94,"column":3}},"type":"if","locations":[{"start":{"line":92,"column":2},"end":{"line":94,"column":3}},{"start":{},"end":{}}],"line":92},"5":{"loc":{"start":{"line":129,"column":6},"end":{"line":129,"column":49}},"type":"cond-expr","locations":[{"start":{"line":129,"column":26},"end":{"line":129,"column":29}},{"start":{"line":129,"column":32},"end":{"line":129,"column":49}}],"line":129},"6":{"loc":{"start":{"line":132,"column":4},"end":{"line":135,"column":5}},"type":"if","locations":[{"start":{"line":132,"column":4},"end":{"line":135,"column":5}},{"start":{},"end":{}}],"line":132},"7":{"loc":{"start":{"line":153,"column":4},"end":{"line":155,"column":5}},"type":"if","locations":[{"start":{"line":153,"column":4},"end":{"line":155,"column":5}},{"start":{},"end":{}}],"line":153},"8":{"loc":{"start":{"line":157,"column":4},"end":{"line":159,"column":5}},"type":"if","locations":[{"start":{"line":157,"column":4},"end":{"line":159,"column":5}},{"start":{},"end":{}}],"line":157},"9":{"loc":{"start":{"line":168,"column":12},"end":{"line":168,"column":55}},"type":"cond-expr","locations":[{"start":{"line":168,"column":32},"end":{"line":168,"column":35}},{"start":{"line":168,"column":38},"end":{"line":168,"column":55}}],"line":168},"10":{"loc":{"start":{"line":171,"column":6},"end":{"line":173,"column":7}},"type":"if","locations":[{"start":{"line":171,"column":6},"end":{"line":173,"column":7}},{"start":{},"end":{}}],"line":171},"11":{"loc":{"start":{"line":176,"column":4},"end":{"line":182,"column":5}},"type":"if","locations":[{"start":{"line":176,"column":4},"end":{"line":182,"column":5}},{"start":{},"end":{}}],"line":176},"12":{"loc":{"start":{"line":178,"column":8},"end":{"line":180,"column":9}},"type":"if","locations":[{"start":{"line":178,"column":8},"end":{"line":180,"column":9}},{"start":{},"end":{}}],"line":178},"13":{"loc":{"start":{"line":205,"column":6},"end":{"line":222,"column":7}},"type":"if","locations":[{"start":{"line":205,"column":6},"end":{"line":222,"column":7}},{"start":{"line":220,"column":13},"end":{"line":222,"column":7}}],"line":205},"14":{"loc":{"start":{"line":212,"column":8},"end":{"line":219,"column":9}},"type":"if","locations":[{"start":{"line":212,"column":8},"end":{"line":219,"column":9}},{"start":{},"end":{}}],"line":212},"15":{"loc":{"start":{"line":253,"column":4},"end":{"line":257,"column":5}},"type":"if","locations":[{"start":{"line":253,"column":4},"end":{"line":257,"column":5}},{"start":{"line":255,"column":11},"end":{"line":257,"column":5}}],"line":253},"16":{"loc":{"start":{"line":268,"column":4},"end":{"line":277,"column":5}},"type":"if","locations":[{"start":{"line":268,"column":4},"end":{"line":277,"column":5}},{"start":{"line":275,"column":11},"end":{"line":277,"column":5}}],"line":268},"17":{"loc":{"start":{"line":270,"column":6},"end":{"line":272,"column":7}},"type":"if","locations":[{"start":{"line":270,"column":6},"end":{"line":272,"column":7}},{"start":{},"end":{}}],"line":270}},"s":{"0":2,"1":2,"2":2,"3":2,"4":2,"5":2,"6":4,"7":4,"8":4,"9":4,"10":1,"11":1,"12":2,"13":2,"14":2,"15":1,"16":1,"17":1,"18":0,"19":1,"20":1,"21":1,"22":1,"23":1,"24":1,"25":1,"26":1,"27":1,"28":1,"29":1,"30":1,"31":1,"32":6,"33":6,"34":2,"35":4,"36":8,"37":2,"38":2,"39":2,"40":2,"41":732,"42":2,"43":1,"44":1,"45":1,"46":1,"47":1,"48":1,"49":1,"50":1,"51":1,"52":1,"53":1,"54":2,"55":2,"56":2,"57":2,"58":1,"59":2,"60":1,"61":2,"62":2,"63":2,"64":2,"65":2,"66":2,"67":1,"68":1,"69":1,"70":1,"71":0,"72":0,"73":1,"74":2,"75":2,"76":2,"77":2,"78":2,"79":2,"80":2,"81":2,"82":2,"83":1,"84":1,"85":1,"86":1,"87":1,"88":1,"89":2,"90":1,"91":1,"92":2,"93":0,"94":0,"95":2,"96":3,"97":3,"98":3,"99":3,"100":1,"101":2,"102":2,"103":1,"104":1,"105":1,"106":1,"107":1,"108":1,"109":0,"110":1,"111":1,"112":0,"113":2},"f":{"0":4,"1":1,"2":2,"3":1,"4":6,"5":8,"6":2,"7":1,"8":2,"9":2,"10":1,"11":0,"12":3,"13":1},"b":{"0":[0,1],"1":[1,0],"2":[0,1],"3":[1,0],"4":[2,4],"5":[1,0],"6":[1,0],"7":[1,1],"8":[1,1],"9":[3,0],"10":[1,1],"11":[1,0],"12":[0,0],"13":[1,1],"14":[1,0],"15":[1,2],"16":[1,0],"17":[0,1]},"_coverageSchema":"1a1c01bbd47fc00a2c39e90264f33305004495a9","hash":"ab0c991e4e53da5e79201ddbbb2a64c73404ab8e"}
}
