TN:
SF:src/app.js
FNF:0
FNH:0
DA:1,2
DA:2,2
DA:4,2
DA:6,2
DA:7,2
DA:9,2
LF:6
LH:6
BRF:0
BRH:0
end_of_record
TN:
SF:src/joi/reservationSchema.js
FNF:0
FNH:0
DA:1,2
DA:3,2
DA:29,2
LF:3
LH:3
BRF:0
BRH:0
end_of_record
TN:
SF:src/middleware/validate.js
FN:3,(anonymous_0)
FN:4,(anonymous_1)
FNF:2
FNH:2
FNDA:2,(anonymous_0)
FNDA:6,(anonymous_1)
DA:1,2
DA:3,2
DA:4,2
DA:5,6
DA:6,6
DA:7,2
DA:9,4
DA:10,4
LF:8
LH:8
BRDA:6,0,0,2
BRDA:6,0,1,4
BRF:2
BRH:2
end_of_record
TN:
SF:src/routes/reservation.js
FN:9,setReservation
FN:16,deleteBookingWithId
FN:27,resetReservation
FN:47,deleteReservationWithId
FN:90,getBookingWithId
FN:98,getDayOfYear
FN:104,createCalendarYear
FN:117,createReservation
FN:148,checkAvailability
FN:195,(anonymous_9)
FN:230,(anonymous_10)
FN:239,(anonymous_11)
FN:249,(anonymous_12)
FN:264,(anonymous_13)
FNF:14
FNH:13
FNDA:4,setReservation
FNDA:1,deleteBookingWithId
FNDA:2,resetReservation
FNDA:1,deleteReservationWithId
FNDA:6,getBookingWithId
FNDA:8,getDayOfYear
FNDA:2,createCalendarYear
FNDA:1,createReservation
FNDA:2,checkAvailability
FNDA:2,(anonymous_9)
FNDA:1,(anonymous_10)
FNDA:0,(anonymous_11)
FNDA:3,(anonymous_12)
FNDA:1,(anonymous_13)
DA:1,2
DA:2,2
DA:3,2
DA:4,2
DA:6,2
DA:7,2
DA:10,4
DA:11,4
DA:13,4
DA:17,1
DA:24,1
DA:28,2
DA:29,2
DA:40,2
DA:48,1
DA:49,1
DA:50,1
DA:51,0
DA:54,1
DA:55,1
DA:56,1
DA:57,1
DA:59,1
DA:60,1
DA:61,1
DA:62,1
DA:63,1
DA:68,1
DA:72,1
DA:73,1
DA:83,1
DA:91,6
DA:92,6
DA:93,2
DA:95,4
DA:99,8
DA:105,2
DA:106,2
DA:107,2
DA:108,732
DA:110,2
DA:118,1
DA:119,1
DA:120,1
DA:121,1
DA:122,1
DA:124,1
DA:132,1
DA:133,1
DA:134,1
DA:137,1
DA:141,1
DA:149,2
DA:150,2
DA:151,2
DA:153,2
DA:154,1
DA:157,2
DA:158,1
DA:161,2
DA:162,2
DA:164,2
DA:166,2
DA:167,2
DA:171,2
DA:172,1
DA:176,1
DA:177,1
DA:178,0
DA:179,0
DA:184,1
DA:192,2
DA:196,2
DA:197,2
DA:198,2
DA:199,2
DA:200,2
DA:201,2
DA:203,2
DA:205,2
DA:206,1
DA:207,1
DA:208,1
DA:212,1
DA:213,1
DA:221,1
DA:230,2
DA:231,1
DA:232,1
DA:239,2
DA:240,0
DA:241,0
DA:249,2
DA:250,3
DA:251,3
DA:252,3
DA:253,3
DA:254,1
DA:256,2
DA:264,2
DA:265,1
DA:266,1
DA:267,1
DA:268,1
DA:269,1
DA:270,1
DA:271,0
DA:273,1
DA:274,1
DA:276,0
DA:284,2
LF:111
LH:104
BRDA:50,0,0,0
BRDA:50,0,1,1
BRDA:62,1,0,1
BRDA:62,1,1,0
BRDA:68,2,0,0
BRDA:68,2,1,1
BRDA:72,3,0,1
BRDA:72,3,1,0
BRDA:92,4,0,2
BRDA:92,4,1,4
BRDA:129,5,0,1
BRDA:129,5,1,0
BRDA:132,6,0,1
BRDA:132,6,1,0
BRDA:153,7,0,1
BRDA:153,7,1,1
BRDA:157,8,0,1
BRDA:157,8,1,1
BRDA:168,9,0,3
BRDA:168,9,1,0
BRDA:171,10,0,1
BRDA:171,10,1,1
BRDA:176,11,0,1
BRDA:176,11,1,0
BRDA:178,12,0,0
BRDA:178,12,1,0
BRDA:205,13,0,1
BRDA:205,13,1,1
BRDA:212,14,0,1
BRDA:212,14,1,0
BRDA:253,15,0,1
BRDA:253,15,1,2
BRDA:268,16,0,1
BRDA:268,16,1,0
BRDA:270,17,0,0
BRDA:270,17,1,1
BRF:36
BRH:23
end_of_record
