TN:
SF:src/app.js
FNF:0
FNH:0
DA:1,2
DA:2,2
DA:4,2
DA:6,2
DA:7,2
DA:9,2
LF:6
LH:6
BRF:0
BRH:0
end_of_record
TN:
SF:src/joi/reservationSchema.js
FNF:0
FNH:0
DA:1,2
DA:3,2
DA:29,2
LF:3
LH:3
BRF:0
BRH:0
end_of_record
TN:
SF:src/middleware/validate.js
FN:3,(anonymous_0)
FN:4,(anonymous_1)
FNF:2
FNH:2
FNDA:2,(anonymous_0)
FNDA:6,(anonymous_1)
DA:1,2
DA:3,2
DA:4,2
DA:5,6
DA:6,6
DA:7,2
DA:9,4
DA:10,4
LF:8
LH:8
BRDA:6,0,0,2
BRDA:6,0,1,4
BRF:2
BRH:2
end_of_record
TN:
SF:src/routes/reservation.js
FN:9,setReservation
FN:20,deleteBookingWithId
FN:29,resetReservation
FN:47,deleteReservationWithId
FN:87,getBookingWithId
FN:96,getDayOfYear
FN:102,createCalendarYear
FN:114,createReservation
FN:144,checkAvailability
FN:190,(anonymous_9)
FN:224,(anonymous_10)
FN:232,(anonymous_11)
FN:241,(anonymous_12)
FN:255,(anonymous_13)
FNF:14
FNH:13
FNDA:4,setReservation
FNDA:1,deleteBookingWithId
FNDA:2,resetReservation
FNDA:1,deleteReservationWithId
FNDA:3,getBookingWithId
FNDA:8,getDayOfYear
FNDA:2,createCalendarYear
FNDA:1,createReservation
FNDA:2,checkAvailability
FNDA:2,(anonymous_9)
FNDA:1,(anonymous_10)
FNDA:0,(anonymous_11)
FNDA:3,(anonymous_12)
FNDA:1,(anonymous_13)
DA:1,2
DA:2,2
DA:3,2
DA:4,2
DA:6,2
DA:7,2
DA:10,4
DA:11,4
DA:12,4
DA:14,4
DA:16,0
DA:21,1
DA:22,1
DA:23,0
DA:26,1
DA:30,2
DA:31,2
DA:38,2
DA:39,0
DA:41,2
DA:43,0
DA:48,1
DA:49,1
DA:50,1
DA:51,0
DA:54,1
DA:55,1
DA:56,1
DA:57,1
DA:59,1
DA:60,1
DA:61,1
DA:62,1
DA:63,1
DA:68,1
DA:69,0
DA:71,1
DA:72,1
DA:77,1
DA:78,0
DA:81,1
DA:83,0
DA:88,3
DA:89,3
DA:90,0
DA:91,0
DA:93,3
DA:97,8
DA:103,2
DA:104,2
DA:105,2
DA:106,732
DA:108,2
DA:110,0
DA:115,1
DA:116,1
DA:117,1
DA:118,1
DA:119,1
DA:121,1
DA:129,1
DA:130,1
DA:131,1
DA:134,1
DA:138,1
DA:140,0
DA:145,2
DA:146,2
DA:147,2
DA:149,2
DA:150,1
DA:153,2
DA:154,1
DA:157,2
DA:158,2
DA:160,2
DA:162,2
DA:163,2
DA:167,2
DA:168,1
DA:172,1
DA:173,1
DA:174,0
DA:175,0
DA:180,1
DA:182,0
DA:187,2
DA:191,2
DA:192,2
DA:193,2
DA:194,2
DA:195,2
DA:196,2
DA:198,2
DA:200,2
DA:201,1
DA:202,1
DA:203,1
DA:207,1
DA:208,1
DA:216,1
DA:219,0
DA:224,2
DA:225,1
DA:226,1
DA:228,0
DA:232,2
DA:233,0
DA:234,0
DA:236,0
DA:241,2
DA:242,3
DA:243,3
DA:244,3
DA:245,3
DA:246,1
DA:248,2
DA:251,0
DA:255,2
DA:256,1
DA:257,1
DA:258,1
DA:259,1
DA:260,1
DA:261,1
DA:262,0
DA:264,1
DA:265,1
DA:267,0
DA:270,0
DA:274,2
LF:131
LH:107
BRDA:22,0,0,0
BRDA:22,0,1,1
BRDA:38,1,0,0
BRDA:38,1,1,2
BRDA:50,2,0,0
BRDA:50,2,1,1
BRDA:62,3,0,1
BRDA:62,3,1,0
BRDA:68,4,0,0
BRDA:68,4,1,1
BRDA:71,5,0,1
BRDA:71,5,1,0
BRDA:77,6,0,0
BRDA:77,6,1,1
BRDA:89,7,0,0
BRDA:89,7,1,3
BRDA:126,8,0,1
BRDA:126,8,1,0
BRDA:129,9,0,1
BRDA:129,9,1,0
BRDA:149,10,0,1
BRDA:149,10,1,1
BRDA:153,11,0,1
BRDA:153,11,1,1
BRDA:164,12,0,3
BRDA:164,12,1,0
BRDA:167,13,0,1
BRDA:167,13,1,1
BRDA:172,14,0,1
BRDA:172,14,1,0
BRDA:174,15,0,0
BRDA:174,15,1,0
BRDA:200,16,0,1
BRDA:200,16,1,1
BRDA:207,17,0,1
BRDA:207,17,1,0
BRDA:245,18,0,1
BRDA:245,18,1,2
BRDA:259,19,0,1
BRDA:259,19,1,0
BRDA:261,20,0,0
BRDA:261,20,1,1
BRF:42
BRH:25
end_of_record
